<?xml version="1.0" encoding="UTF-8"?>
<!-- Generated by org.testng.reporters.JUnitReportReporter -->
<testsuite skipped="0" hostname="DESKTOP-E29IKKQ" name="src.testngConcepts.TestNgDependsEx" tests="3" failures="0" timestamp="07 Sep 2018 07:13:37 GMT" time="0.030" errors="0">
  <testcase name="LogOut" time="0.005" classname="src.testngConcepts.TestNgDependsEx"/>
  <testcase name="SignIn" time="0.006" classname="src.testngConcepts.TestNgDependsEx"/>
  <testcase name="OpenBrowser" time="0.019" classname="src.testngConcepts.TestNgDependsEx"/>
</testsuite> <!-- src.testngConcepts.TestNgDependsEx -->
