<?xml version="1.0" encoding="UTF-8"?>
<!-- Generated by org.testng.reporters.JUnitReportReporter -->
<testsuite skipped="0" hostname="DESKTOP-QI6818R" name="testngConcepts.ListenerTest" tests="1" failures="0" timestamp="15 Jul 2018 05:32:09 GMT" time="0.043" errors="0">
  <testcase name="main" time="0.043" classname="testngConcepts.ListenerTest"/>
</testsuite> <!-- testngConcepts.ListenerTest -->
