<?xml version="1.0" encoding="UTF-8"?>
<!-- Generated by org.testng.reporters.JUnitReportReporter -->
<testsuite skipped="0" hostname="DESKTOP-QI6818R" name="TestNgTestExample" tests="2" failures="0" timestamp="14 Jul 2018 17:59:22 GMT" time="0.218" errors="0">
  <testcase name="testCase1" time="0.194" classname="TestNgTestExample"/>
  <testcase name="testCase2" time="0.024" classname="TestNgTestExample"/>
</testsuite> <!-- TestNgTestExample -->
