<?xml version="1.0" encoding="UTF-8"?>
<!-- Generated by org.testng.reporters.JUnitReportReporter -->
<testsuite skipped="0" hostname="DESKTOP-QI6818R" name="testngConcepts.TestListener" tests="1" failures="0" timestamp="14 Jul 2018 19:02:08 GMT" time="0.028" errors="0">
  <testcase name="main" time="0.028" classname="testngConcepts.TestListener"/>
</testsuite> <!-- testngConcepts.TestListener -->
