<?xml version="1.0" encoding="UTF-8"?>
<!-- Generated by org.testng.reporters.JUnitReportReporter -->
<<<<<<< HEAD
<testsuite skipped="0" hostname="DESKTOP-E29IKKQ" name="testngConcepts.TestNgDependsEx" tests="3" failures="0" timestamp="05 Sep 2018 12:31:16 GMT" time="0.034" errors="0">
  <testcase name="OpenBrowser" time="0.026" classname="testngConcepts.TestNgDependsEx"/>
  <testcase name="LogOut" time="0.004" classname="testngConcepts.TestNgDependsEx"/>
  <testcase name="SignIn" time="0.004" classname="testngConcepts.TestNgDependsEx"/>
=======
<testsuite skipped="0" hostname="DESKTOP-QI6818R" name="testngConcepts.TestNgDependsEx" tests="3" failures="0" timestamp="14 Jul 2018 18:41:41 GMT" time="0.059" errors="0">
  <testcase name="SignIn" time="0.004" classname="testngConcepts.TestNgDependsEx"/>
  <testcase name="LogOut" time="0.005" classname="testngConcepts.TestNgDependsEx"/>
  <testcase name="OpenBrowser" time="0.050" classname="testngConcepts.TestNgDependsEx"/>
>>>>>>> eab87807215fd472400c8ce41025c28283a3518f
</testsuite> <!-- testngConcepts.TestNgDependsEx -->
