<?xml version="1.0" encoding="UTF-8"?>
<!-- Generated by org.testng.reporters.JUnitReportReporter -->
<testsuite skipped="0" hostname="DESKTOP-E29IKKQ" name="src.TestNgGroupingEx" tests="5" failures="0" timestamp="07 Sep 2018 06:32:59 GMT" time="0.032" errors="0">
  <testcase name="Car1" time="0.018" classname="src.TestNgGroupingEx"/>
  <testcase name="Sedan1" time="0.004" classname="src.TestNgGroupingEx"/>
  <testcase name="Car2" time="0.005" classname="src.TestNgGroupingEx"/>
  <testcase name="Scooter1" time="0.002" classname="src.TestNgGroupingEx"/>
  <testcase name="Scooter2" time="0.003" classname="src.TestNgGroupingEx"/>
</testsuite> <!-- src.TestNgGroupingEx -->
