<?xml version="1.0" encoding="UTF-8"?>
<!-- Generated by org.testng.reporters.JUnitReportReporter -->
<testsuite skipped="0" hostname="DESKTOP-E29IKKQ" name="testngConcepts.TestNgTestExample" tests="2" failures="0" timestamp="05 Sep 2018 12:29:23 GMT" time="0.029" errors="0">
  <testcase name="testCase2" time="0.013" classname="testngConcepts.TestNgTestExample"/>
  <testcase name="testCase1" time="0.016" classname="testngConcepts.TestNgTestExample"/>
</testsuite> <!-- testngConcepts.TestNgTestExample -->
