<?xml version="1.0" encoding="UTF-8"?>
<!-- Generated by org.testng.reporters.JUnitReportReporter -->
<<<<<<< HEAD
<testsuite skipped="1" hostname="DESKTOP-QI6818R" name="stringfunctions.TestString" tests="6" failures="0" timestamp="11 Jul 2018 18:07:41 GMT" time="0.057" errors="0">
  <testcase name="stringManipulation" time="0.008" classname="stringfunctions.TestString"/>
  <testcase name="duplicate" time="0.018" classname="stringfunctions.TestString"/>
  <testcase name="palindromTest" time="0.005" classname="stringfunctions.TestString"/>
  <testcase name="largestSmallest" time="0.007" classname="stringfunctions.TestString"/>
  <testcase name="revString" time="0.019" classname="stringfunctions.TestString"/>
=======
<testsuite skipped="1" hostname="DESKTOP-QI6818R" name="stringfunctions.TestString" tests="7" failures="0" timestamp="19 Jul 2018 12:54:14 GMT" time="0.058" errors="0">
  <testcase name="twoLargNumbersInArray" time="0.006" classname="stringfunctions.TestString"/>
  <testcase name="stringManipulation" time="0.007" classname="stringfunctions.TestString"/>
  <testcase name="duplicate" time="0.020" classname="stringfunctions.TestString"/>
  <testcase name="palindromTest" time="0.004" classname="stringfunctions.TestString"/>
  <testcase name="largestSmallest" time="0.005" classname="stringfunctions.TestString"/>
  <testcase name="revString" time="0.016" classname="stringfunctions.TestString"/>
>>>>>>> eab87807215fd472400c8ce41025c28283a3518f
  <testcase name="reverseString" classname="stringfunctions.TestString">
    <skipped/>
  </testcase> <!-- reverseString -->
</testsuite> <!-- stringfunctions.TestString -->
