<?xml version="1.0" encoding="UTF-8"?>
<!-- Generated by org.testng.reporters.JUnitReportReporter -->
<testsuite skipped="0" hostname="DESKTOP-QI6818R" name="TestNgGroupingEx" tests="5" failures="0" timestamp="14 Jul 2018 18:33:58 GMT" time="0.072" errors="0">
  <testcase name="Sedan1" time="0.003" classname="TestNgGroupingEx"/>
  <testcase name="Scooter1" time="0.002" classname="TestNgGroupingEx"/>
  <testcase name="Car1" time="0.060" classname="TestNgGroupingEx"/>
  <testcase name="Scooter2" time="0.003" classname="TestNgGroupingEx"/>
  <testcase name="Car2" time="0.004" classname="TestNgGroupingEx"/>
</testsuite> <!-- TestNgGroupingEx -->
