<?xml version="1.0" encoding="UTF-8"?>
<!-- Generated by org.testng.reporters.JUnitReportReporter -->
<testsuite skipped="0" hostname="DESKTOP-E29IKKQ" name="src.testngConcepts.TestListener" tests="1" failures="0" timestamp="07 Sep 2018 07:12:40 GMT" time="0.022" errors="0">
  <testcase name="main" time="0.022" classname="src.testngConcepts.TestListener"/>
</testsuite> <!-- src.testngConcepts.TestListener -->
