<?xml version="1.0" encoding="UTF-8"?>
<!-- Generated by org.testng.reporters.JUnitReportReporter -->
<testsuite skipped="0" hostname="DESKTOP-QI6818R" name="testngConcepts.TestNgAnnotation" tests="2" failures="0" timestamp="14 Jul 2018 18:56:47 GMT" time="0.034" errors="0">
  <testcase name="testCase1" time="0.018" classname="testngConcepts.TestNgAnnotation"/>
  <testcase name="testCase2" time="0.016" classname="testngConcepts.TestNgAnnotation"/>
</testsuite> <!-- testngConcepts.TestNgAnnotation -->
