<?xml version="1.0" encoding="UTF-8"?>
<!-- Generated by org.testng.reporters.JUnitReportReporter -->
<testsuite skipped="0" hostname="DESKTOP-QI6818R" name="testngConcepts.TestNgDependsEx" tests="3" failures="0" timestamp="14 Jul 2018 18:41:41 GMT" time="0.059" errors="0">
  <testcase name="SignIn" time="0.004" classname="testngConcepts.TestNgDependsEx"/>
  <testcase name="LogOut" time="0.005" classname="testngConcepts.TestNgDependsEx"/>
  <testcase name="OpenBrowser" time="0.050" classname="testngConcepts.TestNgDependsEx"/>
</testsuite> <!-- testngConcepts.TestNgDependsEx -->
