<?xml version="1.0" encoding="UTF-8"?>
<!-- Generated by org.testng.reporters.JUnitReportReporter -->
<testsuite skipped="0" hostname="DESKTOP-E29IKKQ" name="src.testngConcepts.ListenerTest" tests="1" failures="0" timestamp="07 Sep 2018 07:12:14 GMT" time="0.020" errors="0">
  <testcase name="main" time="0.020" classname="src.testngConcepts.ListenerTest"/>
</testsuite> <!-- src.testngConcepts.ListenerTest -->
