<?xml version="1.0" encoding="UTF-8"?>
<!-- Generated by org.testng.reporters.JUnitReportReporter -->
<testsuite skipped="0" hostname="DESKTOP-E29IKKQ" name="src.testngConcepts.TestNgGroupingEx" tests="5" failures="0" timestamp="07 Sep 2018 07:14:00 GMT" time="0.046" errors="0">
  <testcase name="Car1" time="0.020" classname="src.testngConcepts.TestNgGroupingEx"/>
  <testcase name="Sedan1" time="0.010" classname="src.testngConcepts.TestNgGroupingEx"/>
  <testcase name="Car2" time="0.005" classname="src.testngConcepts.TestNgGroupingEx"/>
  <testcase name="Scooter1" time="0.003" classname="src.testngConcepts.TestNgGroupingEx"/>
  <testcase name="Scooter2" time="0.008" classname="src.testngConcepts.TestNgGroupingEx"/>
</testsuite> <!-- src.testngConcepts.TestNgGroupingEx -->
