<?xml version="1.0" encoding="UTF-8"?>
<!-- Generated by org.testng.reporters.JUnitReportReporter -->
<testsuite skipped="0" hostname="DESKTOP-E29IKKQ" name="src.testngConcepts.TestNgAnnotation" tests="2" failures="0" timestamp="07 Sep 2018 07:13:13 GMT" time="0.021" errors="0">
  <testcase name="testCase2" time="0.009" classname="src.testngConcepts.TestNgAnnotation"/>
  <testcase name="testCase1" time="0.012" classname="src.testngConcepts.TestNgAnnotation"/>
</testsuite> <!-- src.testngConcepts.TestNgAnnotation -->
