<?xml version="1.0" encoding="UTF-8"?>
<!-- Generated by org.testng.reporters.JUnitReportReporter -->
<testsuite skipped="0" hostname="DESKTOP-E29IKKQ" name="testngConcepts.TestNgGroupingEx" tests="5" failures="0" timestamp="05 Sep 2018 12:30:25 GMT" time="0.049" errors="0">
  <testcase name="Scooter1" time="0.009" classname="testngConcepts.TestNgGroupingEx"/>
  <testcase name="Scooter2" time="0.006" classname="testngConcepts.TestNgGroupingEx"/>
  <testcase name="Car1" time="0.024" classname="testngConcepts.TestNgGroupingEx"/>
  <testcase name="Car2" time="0.007" classname="testngConcepts.TestNgGroupingEx"/>
  <testcase name="Sedan1" time="0.003" classname="testngConcepts.TestNgGroupingEx"/>
</testsuite> <!-- testngConcepts.TestNgGroupingEx -->
