<?xml version="1.0" encoding="UTF-8"?>
<!-- Generated by org.testng.reporters.JUnitReportReporter -->
<testsuite skipped="0" hostname="DESKTOP-E29IKKQ" name="src.testngConcepts.TestNgTestExample" tests="2" failures="0" timestamp="07 Sep 2018 07:14:26 GMT" time="0.026" errors="0">
  <testcase name="testCase2" time="0.005" classname="src.testngConcepts.TestNgTestExample"/>
  <testcase name="testCase1" time="0.021" classname="src.testngConcepts.TestNgTestExample"/>
</testsuite> <!-- src.testngConcepts.TestNgTestExample -->
