<?xml version="1.0" encoding="UTF-8"?>
<!-- Generated by org.testng.reporters.JUnitReportReporter -->
<testsuite skipped="0" hostname="DESKTOP-E29IKKQ" name="src.TestNgTestExample" tests="2" failures="0" timestamp="07 Sep 2018 06:33:21 GMT" time="0.028" errors="0">
  <testcase name="testCase2" time="0.010" classname="src.TestNgTestExample"/>
  <testcase name="testCase1" time="0.018" classname="src.TestNgTestExample"/>
</testsuite> <!-- src.TestNgTestExample -->
